<?xml version="1.0" encoding="UTF-8"?>
<!-- Generated by org.testng.reporters.JUnitXMLReporter -->
<testsuite hostname="Churchill1" ignored="0" name="Default test" tests="12" failures="0" timestamp="04 Feb 2018 18:16:42 GMT" time="0.053" errors="0">
  <testcase name="GebaeudeBauDiasMussGleichSein" time="0.004" classname="redCat.Game.Stadt.Bauwerke.GebaeudeTest"/>
  <testcase name="GebaeudeBauMuenzenMuessenGleichSein" time="0.001" classname="redCat.Game.Stadt.Bauwerke.GebaeudeTest"/>
  <testcase name="GebaeudeBauWerkzeugMussGleichSein" time="0.001" classname="redCat.Game.Stadt.Bauwerke.GebaeudeTest"/>
  <testcase name="GebaeudeBauzeitMinutenMussGleichSein" time="0.0" classname="redCat.Game.Stadt.Bauwerke.GebaeudeTest"/>
  <testcase name="GebaeudeBauzeitSekundenMussGleichSein" time="0.001" classname="redCat.Game.Stadt.Bauwerke.GebaeudeTest"/>
  <testcase name="GebaeudeBauzeitStundenMussGleichSein" time="0.001" classname="redCat.Game.Stadt.Bauwerke.GebaeudeTest"/>
  <testcase name="GebaeudeBrauchtEineStrasse" time="0.0" classname="redCat.Game.Stadt.Bauwerke.GebaeudeTest"/>
  <testcase name="GebaeudeBreiteMussGleichSein" time="0.001" classname="redCat.Game.Stadt.Bauwerke.GebaeudeTest"/>
  <testcase name="GebaeudeLaengeMussGleichSein" time="0.001" classname="redCat.Game.Stadt.Bauwerke.GebaeudeTest"/>
  <testcase name="GebaeudeNamenMussGleichSein" time="0.0" classname="redCat.Game.Stadt.Bauwerke.GebaeudeTest"/>
  <testcase name="GebaeudeZeitalterMussGleichSein" time="0.001" classname="redCat.Game.Stadt.Bauwerke.GebaeudeTest"/>
  <testcase name="f" time="0.0" classname="redCat.Game.Stadt.Bauwerke.GebaeudeTest"/>
</testsuite> <!-- Default test -->
