<?xml version="1.0" encoding="UTF-8"?>
<testng-results skipped="0" failed="0" ignored="0" total="16" passed="16">
  <reporter-output>
  </reporter-output>
  <suite name="Default suite" duration-ms="108" started-at="2018-01-28T15:42:59Z" finished-at="2018-01-28T15:42:59Z">
    <groups>
    </groups>
    <test name="Default test" duration-ms="108" started-at="2018-01-28T15:42:59Z" finished-at="2018-01-28T15:42:59Z">
      <class name="testNG.Testheutte2DP">
        <test-method status="PASS" signature="berechne1(java.lang.String, java.lang.String, int, int, int, int, int, int, int, int, int)[pri:0, instance:testNG.Testheutte2DP@d2cc05a]" name="berechne1" duration-ms="16" started-at="2018-01-28T16:42:59Z" data-provider="multi-param" finished-at="2018-01-28T16:42:59Z">
          <params>
            <param index="0">
              <value>
                <![CDATA[Hütte]]>
              </value>
            </param>
            <param index="1">
              <value>
                <![CDATA[Steinzeit]]>
              </value>
            </param>
            <param index="2">
              <value>
                <![CDATA[0]]>
              </value>
            </param>
            <param index="3">
              <value>
                <![CDATA[56]]>
              </value>
            </param>
            <param index="4">
              <value>
                <![CDATA[0]]>
              </value>
            </param>
            <param index="5">
              <value>
                <![CDATA[2]]>
              </value>
            </param>
            <param index="6">
              <value>
                <![CDATA[2]]>
              </value>
            </param>
            <param index="7">
              <value>
                <![CDATA[5]]>
              </value>
            </param>
            <param index="8">
              <value>
                <![CDATA[14]]>
              </value>
            </param>
            <param index="9">
              <value>
                <![CDATA[11]]>
              </value>
            </param>
            <param index="10">
              <value>
                <![CDATA[900]]>
              </value>
            </param>
          </params>
          <reporter-output>
          </reporter-output>
        </test-method> <!-- berechne1 -->
        <test-method status="PASS" signature="con1(java.lang.String, java.lang.String, int, int, int, int, int, int, int, int, int)[pri:0, instance:testNG.Testheutte2DP@d2cc05a]" name="con1" duration-ms="1" started-at="2018-01-28T16:42:59Z" data-provider="multi-param" finished-at="2018-01-28T16:42:59Z">
          <params>
            <param index="0">
              <value>
                <![CDATA[Hütte]]>
              </value>
            </param>
            <param index="1">
              <value>
                <![CDATA[Steinzeit]]>
              </value>
            </param>
            <param index="2">
              <value>
                <![CDATA[0]]>
              </value>
            </param>
            <param index="3">
              <value>
                <![CDATA[56]]>
              </value>
            </param>
            <param index="4">
              <value>
                <![CDATA[0]]>
              </value>
            </param>
            <param index="5">
              <value>
                <![CDATA[2]]>
              </value>
            </param>
            <param index="6">
              <value>
                <![CDATA[2]]>
              </value>
            </param>
            <param index="7">
              <value>
                <![CDATA[5]]>
              </value>
            </param>
            <param index="8">
              <value>
                <![CDATA[14]]>
              </value>
            </param>
            <param index="9">
              <value>
                <![CDATA[11]]>
              </value>
            </param>
            <param index="10">
              <value>
                <![CDATA[900]]>
              </value>
            </param>
          </params>
          <reporter-output>
          </reporter-output>
        </test-method> <!-- con1 -->
        <test-method status="PASS" signature="con10(java.lang.String, java.lang.String, int, int, int, int, int, int, int, int, int)[pri:0, instance:testNG.Testheutte2DP@d2cc05a]" name="con10" duration-ms="0" started-at="2018-01-28T16:42:59Z" data-provider="multi-param" finished-at="2018-01-28T16:42:59Z">
          <params>
            <param index="0">
              <value>
                <![CDATA[Hütte]]>
              </value>
            </param>
            <param index="1">
              <value>
                <![CDATA[Steinzeit]]>
              </value>
            </param>
            <param index="2">
              <value>
                <![CDATA[0]]>
              </value>
            </param>
            <param index="3">
              <value>
                <![CDATA[56]]>
              </value>
            </param>
            <param index="4">
              <value>
                <![CDATA[0]]>
              </value>
            </param>
            <param index="5">
              <value>
                <![CDATA[2]]>
              </value>
            </param>
            <param index="6">
              <value>
                <![CDATA[2]]>
              </value>
            </param>
            <param index="7">
              <value>
                <![CDATA[5]]>
              </value>
            </param>
            <param index="8">
              <value>
                <![CDATA[14]]>
              </value>
            </param>
            <param index="9">
              <value>
                <![CDATA[11]]>
              </value>
            </param>
            <param index="10">
              <value>
                <![CDATA[900]]>
              </value>
            </param>
          </params>
          <reporter-output>
          </reporter-output>
        </test-method> <!-- con10 -->
        <test-method status="PASS" signature="con13(java.lang.String, java.lang.String, int, int, int, int, int, int, int, int, int)[pri:0, instance:testNG.Testheutte2DP@d2cc05a]" name="con13" duration-ms="15" started-at="2018-01-28T16:42:59Z" data-provider="multi-param" finished-at="2018-01-28T16:42:59Z">
          <params>
            <param index="0">
              <value>
                <![CDATA[Hütte]]>
              </value>
            </param>
            <param index="1">
              <value>
                <![CDATA[Steinzeit]]>
              </value>
            </param>
            <param index="2">
              <value>
                <![CDATA[0]]>
              </value>
            </param>
            <param index="3">
              <value>
                <![CDATA[56]]>
              </value>
            </param>
            <param index="4">
              <value>
                <![CDATA[0]]>
              </value>
            </param>
            <param index="5">
              <value>
                <![CDATA[2]]>
              </value>
            </param>
            <param index="6">
              <value>
                <![CDATA[2]]>
              </value>
            </param>
            <param index="7">
              <value>
                <![CDATA[5]]>
              </value>
            </param>
            <param index="8">
              <value>
                <![CDATA[14]]>
              </value>
            </param>
            <param index="9">
              <value>
                <![CDATA[11]]>
              </value>
            </param>
            <param index="10">
              <value>
                <![CDATA[900]]>
              </value>
            </param>
          </params>
          <reporter-output>
          </reporter-output>
        </test-method> <!-- con13 -->
        <test-method status="PASS" signature="con12(java.lang.String, java.lang.String, int, int, int, int, int, int, int, int, int)[pri:0, instance:testNG.Testheutte2DP@d2cc05a]" name="con12" duration-ms="0" started-at="2018-01-28T16:42:59Z" data-provider="multi-param" finished-at="2018-01-28T16:42:59Z">
          <params>
            <param index="0">
              <value>
                <![CDATA[Hütte]]>
              </value>
            </param>
            <param index="1">
              <value>
                <![CDATA[Steinzeit]]>
              </value>
            </param>
            <param index="2">
              <value>
                <![CDATA[0]]>
              </value>
            </param>
            <param index="3">
              <value>
                <![CDATA[56]]>
              </value>
            </param>
            <param index="4">
              <value>
                <![CDATA[0]]>
              </value>
            </param>
            <param index="5">
              <value>
                <![CDATA[2]]>
              </value>
            </param>
            <param index="6">
              <value>
                <![CDATA[2]]>
              </value>
            </param>
            <param index="7">
              <value>
                <![CDATA[5]]>
              </value>
            </param>
            <param index="8">
              <value>
                <![CDATA[14]]>
              </value>
            </param>
            <param index="9">
              <value>
                <![CDATA[11]]>
              </value>
            </param>
            <param index="10">
              <value>
                <![CDATA[900]]>
              </value>
            </param>
          </params>
          <reporter-output>
          </reporter-output>
        </test-method> <!-- con12 -->
        <test-method status="PASS" signature="con11(java.lang.String, java.lang.String, int, int, int, int, int, int, int, int, int)[pri:0, instance:testNG.Testheutte2DP@d2cc05a]" name="con11" duration-ms="0" started-at="2018-01-28T16:42:59Z" data-provider="multi-param" finished-at="2018-01-28T16:42:59Z">
          <params>
            <param index="0">
              <value>
                <![CDATA[Hütte]]>
              </value>
            </param>
            <param index="1">
              <value>
                <![CDATA[Steinzeit]]>
              </value>
            </param>
            <param index="2">
              <value>
                <![CDATA[0]]>
              </value>
            </param>
            <param index="3">
              <value>
                <![CDATA[56]]>
              </value>
            </param>
            <param index="4">
              <value>
                <![CDATA[0]]>
              </value>
            </param>
            <param index="5">
              <value>
                <![CDATA[2]]>
              </value>
            </param>
            <param index="6">
              <value>
                <![CDATA[2]]>
              </value>
            </param>
            <param index="7">
              <value>
                <![CDATA[5]]>
              </value>
            </param>
            <param index="8">
              <value>
                <![CDATA[14]]>
              </value>
            </param>
            <param index="9">
              <value>
                <![CDATA[11]]>
              </value>
            </param>
            <param index="10">
              <value>
                <![CDATA[900]]>
              </value>
            </param>
          </params>
          <reporter-output>
          </reporter-output>
        </test-method> <!-- con11 -->
        <test-method status="PASS" signature="con2(java.lang.String, java.lang.String, int, int, int, int, int, int, int, int, int)[pri:0, instance:testNG.Testheutte2DP@d2cc05a]" name="con2" duration-ms="0" started-at="2018-01-28T16:42:59Z" data-provider="multi-param" finished-at="2018-01-28T16:42:59Z">
          <params>
            <param index="0">
              <value>
                <![CDATA[Hütte]]>
              </value>
            </param>
            <param index="1">
              <value>
                <![CDATA[Steinzeit]]>
              </value>
            </param>
            <param index="2">
              <value>
                <![CDATA[0]]>
              </value>
            </param>
            <param index="3">
              <value>
                <![CDATA[56]]>
              </value>
            </param>
            <param index="4">
              <value>
                <![CDATA[0]]>
              </value>
            </param>
            <param index="5">
              <value>
                <![CDATA[2]]>
              </value>
            </param>
            <param index="6">
              <value>
                <![CDATA[2]]>
              </value>
            </param>
            <param index="7">
              <value>
                <![CDATA[5]]>
              </value>
            </param>
            <param index="8">
              <value>
                <![CDATA[14]]>
              </value>
            </param>
            <param index="9">
              <value>
                <![CDATA[11]]>
              </value>
            </param>
            <param index="10">
              <value>
                <![CDATA[900]]>
              </value>
            </param>
          </params>
          <reporter-output>
          </reporter-output>
        </test-method> <!-- con2 -->
        <test-method status="PASS" signature="con3(java.lang.String, java.lang.String, int, int, int, int, int, int, int, int, int)[pri:0, instance:testNG.Testheutte2DP@d2cc05a]" name="con3" duration-ms="1" started-at="2018-01-28T16:42:59Z" data-provider="multi-param" finished-at="2018-01-28T16:42:59Z">
          <params>
            <param index="0">
              <value>
                <![CDATA[Hütte]]>
              </value>
            </param>
            <param index="1">
              <value>
                <![CDATA[Steinzeit]]>
              </value>
            </param>
            <param index="2">
              <value>
                <![CDATA[0]]>
              </value>
            </param>
            <param index="3">
              <value>
                <![CDATA[56]]>
              </value>
            </param>
            <param index="4">
              <value>
                <![CDATA[0]]>
              </value>
            </param>
            <param index="5">
              <value>
                <![CDATA[2]]>
              </value>
            </param>
            <param index="6">
              <value>
                <![CDATA[2]]>
              </value>
            </param>
            <param index="7">
              <value>
                <![CDATA[5]]>
              </value>
            </param>
            <param index="8">
              <value>
                <![CDATA[14]]>
              </value>
            </param>
            <param index="9">
              <value>
                <![CDATA[11]]>
              </value>
            </param>
            <param index="10">
              <value>
                <![CDATA[900]]>
              </value>
            </param>
          </params>
          <reporter-output>
          </reporter-output>
        </test-method> <!-- con3 -->
        <test-method status="PASS" signature="con4(java.lang.String, java.lang.String, int, int, int, int, int, int, int, int, int)[pri:0, instance:testNG.Testheutte2DP@d2cc05a]" name="con4" duration-ms="1" started-at="2018-01-28T16:42:59Z" data-provider="multi-param" finished-at="2018-01-28T16:42:59Z">
          <params>
            <param index="0">
              <value>
                <![CDATA[Hütte]]>
              </value>
            </param>
            <param index="1">
              <value>
                <![CDATA[Steinzeit]]>
              </value>
            </param>
            <param index="2">
              <value>
                <![CDATA[0]]>
              </value>
            </param>
            <param index="3">
              <value>
                <![CDATA[56]]>
              </value>
            </param>
            <param index="4">
              <value>
                <![CDATA[0]]>
              </value>
            </param>
            <param index="5">
              <value>
                <![CDATA[2]]>
              </value>
            </param>
            <param index="6">
              <value>
                <![CDATA[2]]>
              </value>
            </param>
            <param index="7">
              <value>
                <![CDATA[5]]>
              </value>
            </param>
            <param index="8">
              <value>
                <![CDATA[14]]>
              </value>
            </param>
            <param index="9">
              <value>
                <![CDATA[11]]>
              </value>
            </param>
            <param index="10">
              <value>
                <![CDATA[900]]>
              </value>
            </param>
          </params>
          <reporter-output>
          </reporter-output>
        </test-method> <!-- con4 -->
        <test-method status="PASS" signature="con5(java.lang.String, java.lang.String, int, int, int, int, int, int, int, int, int)[pri:0, instance:testNG.Testheutte2DP@d2cc05a]" name="con5" duration-ms="1" started-at="2018-01-28T16:42:59Z" data-provider="multi-param" finished-at="2018-01-28T16:42:59Z">
          <params>
            <param index="0">
              <value>
                <![CDATA[Hütte]]>
              </value>
            </param>
            <param index="1">
              <value>
                <![CDATA[Steinzeit]]>
              </value>
            </param>
            <param index="2">
              <value>
                <![CDATA[0]]>
              </value>
            </param>
            <param index="3">
              <value>
                <![CDATA[56]]>
              </value>
            </param>
            <param index="4">
              <value>
                <![CDATA[0]]>
              </value>
            </param>
            <param index="5">
              <value>
                <![CDATA[2]]>
              </value>
            </param>
            <param index="6">
              <value>
                <![CDATA[2]]>
              </value>
            </param>
            <param index="7">
              <value>
                <![CDATA[5]]>
              </value>
            </param>
            <param index="8">
              <value>
                <![CDATA[14]]>
              </value>
            </param>
            <param index="9">
              <value>
                <![CDATA[11]]>
              </value>
            </param>
            <param index="10">
              <value>
                <![CDATA[900]]>
              </value>
            </param>
          </params>
          <reporter-output>
          </reporter-output>
        </test-method> <!-- con5 -->
        <test-method status="PASS" signature="con6(java.lang.String, java.lang.String, int, int, int, int, int, int, int, int, int)[pri:0, instance:testNG.Testheutte2DP@d2cc05a]" name="con6" duration-ms="1" started-at="2018-01-28T16:42:59Z" data-provider="multi-param" finished-at="2018-01-28T16:42:59Z">
          <params>
            <param index="0">
              <value>
                <![CDATA[Hütte]]>
              </value>
            </param>
            <param index="1">
              <value>
                <![CDATA[Steinzeit]]>
              </value>
            </param>
            <param index="2">
              <value>
                <![CDATA[0]]>
              </value>
            </param>
            <param index="3">
              <value>
                <![CDATA[56]]>
              </value>
            </param>
            <param index="4">
              <value>
                <![CDATA[0]]>
              </value>
            </param>
            <param index="5">
              <value>
                <![CDATA[2]]>
              </value>
            </param>
            <param index="6">
              <value>
                <![CDATA[2]]>
              </value>
            </param>
            <param index="7">
              <value>
                <![CDATA[5]]>
              </value>
            </param>
            <param index="8">
              <value>
                <![CDATA[14]]>
              </value>
            </param>
            <param index="9">
              <value>
                <![CDATA[11]]>
              </value>
            </param>
            <param index="10">
              <value>
                <![CDATA[900]]>
              </value>
            </param>
          </params>
          <reporter-output>
          </reporter-output>
        </test-method> <!-- con6 -->
        <test-method status="PASS" signature="con7(java.lang.String, java.lang.String, int, int, int, int, int, int, int, int, int)[pri:0, instance:testNG.Testheutte2DP@d2cc05a]" name="con7" duration-ms="1" started-at="2018-01-28T16:42:59Z" data-provider="multi-param" finished-at="2018-01-28T16:42:59Z">
          <params>
            <param index="0">
              <value>
                <![CDATA[Hütte]]>
              </value>
            </param>
            <param index="1">
              <value>
                <![CDATA[Steinzeit]]>
              </value>
            </param>
            <param index="2">
              <value>
                <![CDATA[0]]>
              </value>
            </param>
            <param index="3">
              <value>
                <![CDATA[56]]>
              </value>
            </param>
            <param index="4">
              <value>
                <![CDATA[0]]>
              </value>
            </param>
            <param index="5">
              <value>
                <![CDATA[2]]>
              </value>
            </param>
            <param index="6">
              <value>
                <![CDATA[2]]>
              </value>
            </param>
            <param index="7">
              <value>
                <![CDATA[5]]>
              </value>
            </param>
            <param index="8">
              <value>
                <![CDATA[14]]>
              </value>
            </param>
            <param index="9">
              <value>
                <![CDATA[11]]>
              </value>
            </param>
            <param index="10">
              <value>
                <![CDATA[900]]>
              </value>
            </param>
          </params>
          <reporter-output>
          </reporter-output>
        </test-method> <!-- con7 -->
        <test-method status="PASS" signature="con8(java.lang.String, java.lang.String, int, int, int, int, int, int, int, int, int)[pri:0, instance:testNG.Testheutte2DP@d2cc05a]" name="con8" duration-ms="2" started-at="2018-01-28T16:42:59Z" data-provider="multi-param" finished-at="2018-01-28T16:42:59Z">
          <params>
            <param index="0">
              <value>
                <![CDATA[Hütte]]>
              </value>
            </param>
            <param index="1">
              <value>
                <![CDATA[Steinzeit]]>
              </value>
            </param>
            <param index="2">
              <value>
                <![CDATA[0]]>
              </value>
            </param>
            <param index="3">
              <value>
                <![CDATA[56]]>
              </value>
            </param>
            <param index="4">
              <value>
                <![CDATA[0]]>
              </value>
            </param>
            <param index="5">
              <value>
                <![CDATA[2]]>
              </value>
            </param>
            <param index="6">
              <value>
                <![CDATA[2]]>
              </value>
            </param>
            <param index="7">
              <value>
                <![CDATA[5]]>
              </value>
            </param>
            <param index="8">
              <value>
                <![CDATA[14]]>
              </value>
            </param>
            <param index="9">
              <value>
                <![CDATA[11]]>
              </value>
            </param>
            <param index="10">
              <value>
                <![CDATA[900]]>
              </value>
            </param>
          </params>
          <reporter-output>
          </reporter-output>
        </test-method> <!-- con8 -->
        <test-method status="PASS" signature="con9(java.lang.String, java.lang.String, int, int, int, int, int, int, int, int, int)[pri:0, instance:testNG.Testheutte2DP@d2cc05a]" name="con9" duration-ms="0" started-at="2018-01-28T16:42:59Z" data-provider="multi-param" finished-at="2018-01-28T16:42:59Z">
          <params>
            <param index="0">
              <value>
                <![CDATA[Hütte]]>
              </value>
            </param>
            <param index="1">
              <value>
                <![CDATA[Steinzeit]]>
              </value>
            </param>
            <param index="2">
              <value>
                <![CDATA[0]]>
              </value>
            </param>
            <param index="3">
              <value>
                <![CDATA[56]]>
              </value>
            </param>
            <param index="4">
              <value>
                <![CDATA[0]]>
              </value>
            </param>
            <param index="5">
              <value>
                <![CDATA[2]]>
              </value>
            </param>
            <param index="6">
              <value>
                <![CDATA[2]]>
              </value>
            </param>
            <param index="7">
              <value>
                <![CDATA[5]]>
              </value>
            </param>
            <param index="8">
              <value>
                <![CDATA[14]]>
              </value>
            </param>
            <param index="9">
              <value>
                <![CDATA[11]]>
              </value>
            </param>
            <param index="10">
              <value>
                <![CDATA[900]]>
              </value>
            </param>
          </params>
          <reporter-output>
          </reporter-output>
        </test-method> <!-- con9 -->
        <test-method status="PASS" signature="f(java.lang.String, java.lang.String, int, int, int, int, int, int, int, int, int)[pri:0, instance:testNG.Testheutte2DP@d2cc05a]" name="f" duration-ms="1" started-at="2018-01-28T16:42:59Z" data-provider="multi-param" finished-at="2018-01-28T16:42:59Z">
          <params>
            <param index="0">
              <value>
                <![CDATA[Hütte]]>
              </value>
            </param>
            <param index="1">
              <value>
                <![CDATA[Steinzeit]]>
              </value>
            </param>
            <param index="2">
              <value>
                <![CDATA[0]]>
              </value>
            </param>
            <param index="3">
              <value>
                <![CDATA[56]]>
              </value>
            </param>
            <param index="4">
              <value>
                <![CDATA[0]]>
              </value>
            </param>
            <param index="5">
              <value>
                <![CDATA[2]]>
              </value>
            </param>
            <param index="6">
              <value>
                <![CDATA[2]]>
              </value>
            </param>
            <param index="7">
              <value>
                <![CDATA[5]]>
              </value>
            </param>
            <param index="8">
              <value>
                <![CDATA[14]]>
              </value>
            </param>
            <param index="9">
              <value>
                <![CDATA[11]]>
              </value>
            </param>
            <param index="10">
              <value>
                <![CDATA[900]]>
              </value>
            </param>
          </params>
          <reporter-output>
          </reporter-output>
        </test-method> <!-- f -->
        <test-method status="PASS" signature="modEinnahmen1(java.lang.String, java.lang.String, int, int, int, int, int, int, int, int, int, double, int)[pri:0, instance:testNG.Testheutte2DP@d2cc05a]" name="modEinnahmen1" duration-ms="1" started-at="2018-01-28T16:42:59Z" data-provider="multi-paramMod" finished-at="2018-01-28T16:42:59Z">
          <params>
            <param index="0">
              <value>
                <![CDATA[Hütte]]>
              </value>
            </param>
            <param index="1">
              <value>
                <![CDATA[Steinzeit]]>
              </value>
            </param>
            <param index="2">
              <value>
                <![CDATA[0]]>
              </value>
            </param>
            <param index="3">
              <value>
                <![CDATA[56]]>
              </value>
            </param>
            <param index="4">
              <value>
                <![CDATA[0]]>
              </value>
            </param>
            <param index="5">
              <value>
                <![CDATA[2]]>
              </value>
            </param>
            <param index="6">
              <value>
                <![CDATA[2]]>
              </value>
            </param>
            <param index="7">
              <value>
                <![CDATA[5]]>
              </value>
            </param>
            <param index="8">
              <value>
                <![CDATA[14]]>
              </value>
            </param>
            <param index="9">
              <value>
                <![CDATA[11]]>
              </value>
            </param>
            <param index="10">
              <value>
                <![CDATA[900]]>
              </value>
            </param>
            <param index="11">
              <value>
                <![CDATA[0.2]]>
              </value>
            </param>
            <param index="12">
              <value>
                <![CDATA[13]]>
              </value>
            </param>
          </params>
          <reporter-output>
          </reporter-output>
        </test-method> <!-- modEinnahmen1 -->
      </class> <!-- testNG.Testheutte2DP -->
    </test> <!-- Default test -->
  </suite> <!-- Default suite -->
</testng-results>
