<?xml version="1.0" encoding="UTF-8"?>
<!-- Generated by org.testng.reporters.JUnitXMLReporter -->
<testsuite hostname="Churchill1" ignored="0" name="Default test" tests="16" failures="0" timestamp="28 Jan 2018 15:42:59 GMT" time="0.108" errors="0">
  <testcase name="berechne1" time="0.016" classname="testNG.Testheutte2DP"/>
  <testcase name="con1" time="0.001" classname="testNG.Testheutte2DP"/>
  <testcase name="con10" time="0.0" classname="testNG.Testheutte2DP"/>
  <testcase name="con11" time="0.0" classname="testNG.Testheutte2DP"/>
  <testcase name="con12" time="0.0" classname="testNG.Testheutte2DP"/>
  <testcase name="con13" time="0.015" classname="testNG.Testheutte2DP"/>
  <testcase name="con2" time="0.0" classname="testNG.Testheutte2DP"/>
  <testcase name="con3" time="0.001" classname="testNG.Testheutte2DP"/>
  <testcase name="con4" time="0.001" classname="testNG.Testheutte2DP"/>
  <testcase name="con5" time="0.001" classname="testNG.Testheutte2DP"/>
  <testcase name="con6" time="0.001" classname="testNG.Testheutte2DP"/>
  <testcase name="con7" time="0.001" classname="testNG.Testheutte2DP"/>
  <testcase name="con8" time="0.002" classname="testNG.Testheutte2DP"/>
  <testcase name="con9" time="0.0" classname="testNG.Testheutte2DP"/>
  <testcase name="f" time="0.001" classname="testNG.Testheutte2DP"/>
  <testcase name="modEinnahmen1" time="0.001" classname="testNG.Testheutte2DP"/>
</testsuite> <!-- Default test -->
